c:\users\ilyin\github\boardgame\boardgame\release\boardgame.ipdb
c:\users\ilyin\github\boardgame\boardgame\release\boardgame.iobj
c:\users\ilyin\github\boardgame\boardgame\boardgame\release\vc142.pdb
c:\users\ilyin\github\boardgame\boardgame\boardgame\release\vector2d.obj
c:\users\ilyin\github\boardgame\boardgame\boardgame\release\system.step.obj
c:\users\ilyin\github\boardgame\boardgame\boardgame\release\system.obj
c:\users\ilyin\github\boardgame\boardgame\boardgame\release\random.obj
c:\users\ilyin\github\boardgame\boardgame\boardgame\release\mouse.obj
c:\users\ilyin\github\boardgame\boardgame\boardgame\release\main.obj
c:\users\ilyin\github\boardgame\boardgame\boardgame\release\getmillicount.obj
c:\users\ilyin\github\boardgame\boardgame\boardgame\release\geometry.obj
c:\users\ilyin\github\boardgame\boardgame\boardgame\release\gamepad.obj
c:\users\ilyin\github\boardgame\boardgame\boardgame\release\drawsystem.loadtextures.obj
c:\users\ilyin\github\boardgame\boardgame\boardgame\release\drawsystem.obj
c:\users\ilyin\github\boardgame\boardgame\boardgame\release\drawsystem.basics.obj
c:\users\ilyin\github\boardgame\boardgame\boardgame\release\control.events.obj
c:\users\ilyin\github\boardgame\boardgame\boardgame\release\control.obj
c:\users\ilyin\github\boardgame\boardgame\boardgame\release\color.obj
c:\users\ilyin\github\boardgame\boardgame\boardgame\release\camera.obj
c:\users\ilyin\github\boardgame\boardgame\boardgame\release\board.obj
c:\users\ilyin\github\boardgame\boardgame\boardgame\release\bot.obj
c:\users\ilyin\github\boardgame\boardgame\release\boardgame.exe
c:\users\ilyin\github\boardgame\boardgame\release\boardgame.pdb
c:\users\ilyin\github\boardgame\boardgame\boardgame\release\boardgame.tlog\boardgame.write.1u.tlog
c:\users\ilyin\github\boardgame\boardgame\boardgame\release\boardgame.tlog\cl.command.1.tlog
c:\users\ilyin\github\boardgame\boardgame\boardgame\release\boardgame.tlog\cl.read.1.tlog
c:\users\ilyin\github\boardgame\boardgame\boardgame\release\boardgame.tlog\cl.write.1.tlog
c:\users\ilyin\github\boardgame\boardgame\boardgame\release\boardgame.tlog\link.command.1.tlog
c:\users\ilyin\github\boardgame\boardgame\boardgame\release\boardgame.tlog\link.delete.1.tlog
c:\users\ilyin\github\boardgame\boardgame\boardgame\release\boardgame.tlog\link.read.1.tlog
c:\users\ilyin\github\boardgame\boardgame\boardgame\release\boardgame.tlog\link.write.1.tlog
